<?xml version="1.0" encoding="UTF-8"?>
<!-- Generated by org.testng.reporters.JUnitXMLReporter -->
<testsuite ignored="0" hostname="Deepthis-MacBook-Air.local" failures="0" tests="3" name="Default test" time="20.823" errors="0" timestamp="2024-10-10T14:45:11 IST">
  <testcase classname="com.test.OrangeHRMTest" name="login" time="16.306"/>
  <testcase classname="com.test.OrangeHRMTest" name="testAdmin" time="2.448"/>
  <testcase classname="com.test.OrangeHRMTest" name="logout" time="2.045"/>
</testsuite> <!-- Default test -->
