<?xml version="1.0" encoding="UTF-8"?>
<!-- Generated by org.testng.reporters.JUnitXMLReporter -->
<testsuite ignored="1" hostname="Deepthis-MacBook-Air.local" failures="0" tests="2" name="Test" time="18.634" errors="0" timestamp="2024-10-10T23:00:37 IST">
  <testcase classname="com.orange.hrm.test.LoginTest" name="loginWithValidUserNameAndValidPassword" time="7.414"/>
  <testcase classname="com.orange.hrm.test.HomePageTest" name="logout" time="11.204"/>
  <testcase classname="com.orange.hrm.test.BaseTest" name="@BeforeSuite initDriver" time="0.0">
    <ignored/>
  </testcase> <!-- @BeforeSuite initDriver -->
</testsuite> <!-- Test -->
