<?xml version="1.0" encoding="UTF-8"?>
<!-- Generated by org.testng.reporters.JUnitXMLReporter -->
<testsuite ignored="0" hostname="Deepthis-MacBook-Air.local" failures="0" tests="3" name="Test" time="9.317" errors="0" timestamp="2024-10-09T22:58:35 IST">
  <testcase classname="com.test.OrangeHRMTest" name="login" time="6.397"/>
  <testcase classname="com.test.OrangeHRMTest" name="testAdmin" time="2.093"/>
  <testcase classname="com.test.OrangeHRMTest" name="logout" time="0.811"/>
</testsuite> <!-- Test -->
