<?xml version="1.0" encoding="UTF-8"?>
<testng-results ignored="0" total="3" passed="3" failed="0" skipped="0">
  <reporter-output>
  </reporter-output>
  <suite started-at="2024-10-09T22:58:25 IST" name="Suite" finished-at="2024-10-09T22:58:35 IST" duration-ms="9317">
    <groups>
    </groups>
    <test started-at="2024-10-09T22:58:25 IST" name="Test" finished-at="2024-10-09T22:58:35 IST" duration-ms="9317">
      <class name="com.test.OrangeHRMTest">
        <test-method signature="login()[pri:1, instance:com.test.OrangeHRMTest@7a52f2a2]" started-at="2024-10-09T22:58:25 IST" name="login" finished-at="2024-10-09T22:58:32 IST" duration-ms="6397" status="PASS">
          <reporter-output>
          </reporter-output>
        </test-method> <!-- login -->
        <test-method signature="testAdmin()[pri:2, instance:com.test.OrangeHRMTest@7a52f2a2]" started-at="2024-10-09T22:58:32 IST" name="testAdmin" finished-at="2024-10-09T22:58:34 IST" duration-ms="2093" status="PASS">
          <reporter-output>
          </reporter-output>
        </test-method> <!-- testAdmin -->
        <test-method signature="logout()[pri:3, instance:com.test.OrangeHRMTest@7a52f2a2]" started-at="2024-10-09T22:58:34 IST" name="logout" finished-at="2024-10-09T22:58:35 IST" duration-ms="811" status="PASS">
          <reporter-output>
          </reporter-output>
        </test-method> <!-- logout -->
      </class> <!-- com.test.OrangeHRMTest -->
    </test> <!-- Test -->
  </suite> <!-- Suite -->
</testng-results>
