<?xml version="1.0" encoding="UTF-8"?>
<testng-results ignored="1" total="3" passed="2" failed="0" skipped="0">
  <reporter-output>
  </reporter-output>
  <suite started-at="2024-10-10T23:00:18 IST" name="Suite" finished-at="2024-10-10T23:00:37 IST" duration-ms="18634">
    <groups>
    </groups>
    <test started-at="2024-10-10T23:00:18 IST" name="Test" finished-at="2024-10-10T23:00:37 IST" duration-ms="18634">
      <class name="com.orange.hrm.test.LoginTest">
        <test-method is-config="true" signature="initDriver()[pri:0, instance:com.orange.hrm.test.LoginTest@1534f01b]" started-at="2024-10-10T23:00:05 IST" name="initDriver" finished-at="2024-10-10T23:00:18 IST" duration-ms="12959" status="PASS">
          <reporter-output>
          </reporter-output>
        </test-method> <!-- initDriver -->
        <test-method signature="loginWithValidUserNameAndValidPassword()[pri:0, instance:com.orange.hrm.test.LoginTest@1534f01b]" started-at="2024-10-10T23:00:18 IST" name="loginWithValidUserNameAndValidPassword" finished-at="2024-10-10T23:00:25 IST" duration-ms="7414" status="PASS">
          <reporter-output>
          </reporter-output>
        </test-method> <!-- loginWithValidUserNameAndValidPassword -->
      </class> <!-- com.orange.hrm.test.LoginTest -->
      <class name="com.orange.hrm.test.HomePageTest">
        <test-method signature="logout()[pri:0, instance:com.orange.hrm.test.HomePageTest@3c22fc4c]" started-at="2024-10-10T23:00:25 IST" name="logout" finished-at="2024-10-10T23:00:37 IST" duration-ms="11204" status="PASS">
          <reporter-output>
          </reporter-output>
        </test-method> <!-- logout -->
      </class> <!-- com.orange.hrm.test.HomePageTest -->
    </test> <!-- Test -->
  </suite> <!-- Suite -->
</testng-results>
